C:\Users\Honey\OneDrive\Desktop\EventS\Halis\rasa\rasa\core\tracker_store.py:1044: MovedIn20Warning: Deprecated API features detected! These feature(s) are not compatible with SQLAlchemy 2.0. To prevent incompatible upgrades prior to updating applications, ensure requirements files are pinned to "sqlalchemy<2.0". Set environment variable SQLALCHEMY_WARN_20=1 to show all deprecation warnings.  Set environment variable SQLALCHEMY_SILENCE_UBER_WARNING=1 to silence this message. (Background on SQLAlchemy 2.0 at: https://sqlalche.me/e/b8d9)
  Base: DeclarativeMeta = declarative_base()
C:\Users\Honey\OneDrive\Desktop\EventS\Halis\rasa\rasa\shared\utils\validation.py:134: DeprecationWarning: pkg_resources is deprecated as an API. See https://setuptools.pypa.io/en/latest/pkg_resources.html
  import pkg_resources
C:\Users\Honey\OneDrive\Desktop\EventS\Halis\venv\lib\site-packages\pkg_resources\__init__.py:3117: DeprecationWarning: Deprecated call to `pkg_resources.declare_namespace('google')`.
Implementing implicit namespace packages (as specified in PEP 420) is preferred to `pkg_resources.declare_namespace`. See https://setuptools.pypa.io/en/latest/references/keywords.html#keyword-namespace-packages
  declare_namespace(pkg)
C:\Users\Honey\OneDrive\Desktop\EventS\Halis\venv\lib\site-packages\pkg_resources\__init__.py:3117: DeprecationWarning: Deprecated call to `pkg_resources.declare_namespace('google.cloud')`.
Implementing implicit namespace packages (as specified in PEP 420) is preferred to `pkg_resources.declare_namespace`. See https://setuptools.pypa.io/en/latest/references/keywords.html#keyword-namespace-packages
  declare_namespace(pkg)
C:\Users\Honey\OneDrive\Desktop\EventS\Halis\venv\lib\site-packages\pkg_resources\__init__.py:3117: DeprecationWarning: Deprecated call to `pkg_resources.declare_namespace('google.logging')`.
Implementing implicit namespace packages (as specified in PEP 420) is preferred to `pkg_resources.declare_namespace`. See https://setuptools.pypa.io/en/latest/references/keywords.html#keyword-namespace-packages
  declare_namespace(pkg)
C:\Users\Honey\OneDrive\Desktop\EventS\Halis\venv\lib\site-packages\pkg_resources\__init__.py:3117: DeprecationWarning: Deprecated call to `pkg_resources.declare_namespace('mpl_toolkits')`.
Implementing implicit namespace packages (as specified in PEP 420) is preferred to `pkg_resources.declare_namespace`. See https://setuptools.pypa.io/en/latest/references/keywords.html#keyword-namespace-packages
  declare_namespace(pkg)
C:\Users\Honey\OneDrive\Desktop\EventS\Halis\venv\lib\site-packages\pkg_resources\__init__.py:3117: DeprecationWarning: Deprecated call to `pkg_resources.declare_namespace('ruamel')`.
Implementing implicit namespace packages (as specified in PEP 420) is preferred to `pkg_resources.declare_namespace`. See https://setuptools.pypa.io/en/latest/references/keywords.html#keyword-namespace-packages
  declare_namespace(pkg)
C:\Users\Honey\OneDrive\Desktop\EventS\Halis\venv\lib\site-packages\pkg_resources\__init__.py:3117: DeprecationWarning: Deprecated call to `pkg_resources.declare_namespace('ruamel.yaml')`.
Implementing implicit namespace packages (as specified in PEP 420) is preferred to `pkg_resources.declare_namespace`. See https://setuptools.pypa.io/en/latest/references/keywords.html#keyword-namespace-packages
  declare_namespace(pkg)
C:\Users\Honey\OneDrive\Desktop\EventS\Halis\venv\lib\site-packages\sanic_cors\extension.py:39: DeprecationWarning: distutils Version classes are deprecated. Use packaging.version instead.
  SANIC_VERSION = LooseVersion(sanic_version)
2025-06-05 07:04:32 [1;30mINFO    [0m [34mroot[0m  - Connecting to channel 'cmdline' which was specified by the '--connector' argument. Any other channels will be ignored. To connect to all given channels, omit the '--connector' argument.
2025-06-05 07:04:32 [1;30mINFO    [0m [34mroot[0m  - Starting Rasa server on http://0.0.0.0:5005
2025-06-05 07:04:33 [1;30mINFO    [0m [34mrasa.core.processor[0m  - Loading model models\20250524-042007-polite-monitor.tar.gz...
2025-06-05 07:05:06 [1;30mWARNING [0m [34mrasa.shared.utils.common[0m  - [33mThe UnexpecTED Intent Policy is currently experimental and might change or be removed in the future \U0001f52c Please share your feedback on it in the forum (https://forum.rasa.com) to help us make this feature ready for production.[0m
2025-06-05 07:05:21 [1;30mINFO    [0m [34mroot[0m  - Rasa server is up and running.
Bot loaded. Type a message and press enter (use '/stop' to exit): 
2025-06-05 07:05:23 [1;30mERROR   [0m [34masyncio[0m  - [31mTask exception was never retrieved
future: <Task finished name='Task-9' coro=<SignalRouter._dispatch() done, defined at C:\Users\Honey\OneDrive\Desktop\EventS\Halis\venv\lib\site-packages\sanic\signals.py:121> exception=NoConsoleScreenBufferError('No Windows console found. Are you running cmd.exe?')>[0m
Traceback (most recent call last):
  File "C:\Users\Honey\OneDrive\Desktop\EventS\Halis\venv\lib\site-packages\sanic\signals.py", line 161, in _dispatch
    retval = await maybe_coroutine
  File "C:\Users\Honey\OneDrive\Desktop\EventS\Halis\venv\lib\site-packages\sanic\app.py", line 1581, in run_delayed_task
    await prepped
  File "C:\Users\Honey\OneDrive\Desktop\EventS\Halis\rasa\rasa\core\run.py", line 168, in run_cmdline_io
    await console.record_messages(
  File "C:\Users\Honey\OneDrive\Desktop\EventS\Halis\rasa\rasa\core\channels\console.py", line 208, in record_messages
    text = await _get_user_input(previous_response)
  File "C:\Users\Honey\OneDrive\Desktop\EventS\Halis\rasa\rasa\core\channels\console.py", line 128, in _get_user_input
    question = questionary.text(
  File "C:\Users\Honey\OneDrive\Desktop\EventS\Halis\venv\lib\site-packages\questionary\prompts\text.py", line 90, in text
    p = PromptSession(
  File "C:\Users\Honey\OneDrive\Desktop\EventS\Halis\venv\lib\site-packages\prompt_toolkit\shortcuts\prompt.py", line 476, in __init__
    self.app = self._create_application(editing_mode, erase_when_done)
  File "C:\Users\Honey\OneDrive\Desktop\EventS\Halis\venv\lib\site-packages\prompt_toolkit\shortcuts\prompt.py", line 727, in _create_application
    application: Application[_T] = Application(
  File "C:\Users\Honey\OneDrive\Desktop\EventS\Halis\venv\lib\site-packages\prompt_toolkit\application\application.py", line 281, in __init__
    self.output = output or session.output
  File "C:\Users\Honey\OneDrive\Desktop\EventS\Halis\venv\lib\site-packages\prompt_toolkit\application\current.py", line 71, in output
    self._output = create_output()
  File "C:\Users\Honey\OneDrive\Desktop\EventS\Halis\venv\lib\site-packages\prompt_toolkit\output\defaults.py", line 86, in create_output
    return Win32Output(stdout, default_color_depth=color_depth_from_env)
  File "C:\Users\Honey\OneDrive\Desktop\EventS\Halis\venv\lib\site-packages\prompt_toolkit\output\win32.py", line 110, in __init__
    info = self.get_win32_screen_buffer_info()
  File "C:\Users\Honey\OneDrive\Desktop\EventS\Halis\venv\lib\site-packages\prompt_toolkit\output\win32.py", line 214, in get_win32_screen_buffer_info
    raise NoConsoleScreenBufferError
prompt_toolkit.output.win32.NoConsoleScreenBufferError: No Windows console found. Are you running cmd.exe?
