C:\Users\Honey\OneDrive\Desktop\EventS\Halis\rasa\rasa\core\tracker_store.py:1044: MovedIn20Warning: Deprecated API features detected! These feature(s) are not compatible with SQLAlchemy 2.0. To prevent incompatible upgrades prior to updating applications, ensure requirements files are pinned to "sqlalchemy<2.0". Set environment variable SQLALCHEMY_WARN_20=1 to show all deprecation warnings.  Set environment variable SQLALCHEMY_SILENCE_UBER_WARNING=1 to silence this message. (Background on SQLAlchemy 2.0 at: https://sqlalche.me/e/b8d9)
  Base: DeclarativeMeta = declarative_base()
C:\Users\Honey\OneDrive\Desktop\EventS\Halis\rasa\rasa\shared\utils\validation.py:134: DeprecationWarning: pkg_resources is deprecated as an API. See https://setuptools.pypa.io/en/latest/pkg_resources.html
  import pkg_resources
C:\Users\Honey\OneDrive\Desktop\EventS\Halis\venv\lib\site-packages\pkg_resources\__init__.py:3117: DeprecationWarning: Deprecated call to `pkg_resources.declare_namespace('google')`.
Implementing implicit namespace packages (as specified in PEP 420) is preferred to `pkg_resources.declare_namespace`. See https://setuptools.pypa.io/en/latest/references/keywords.html#keyword-namespace-packages
  declare_namespace(pkg)
C:\Users\Honey\OneDrive\Desktop\EventS\Halis\venv\lib\site-packages\pkg_resources\__init__.py:3117: DeprecationWarning: Deprecated call to `pkg_resources.declare_namespace('google.cloud')`.
Implementing implicit namespace packages (as specified in PEP 420) is preferred to `pkg_resources.declare_namespace`. See https://setuptools.pypa.io/en/latest/references/keywords.html#keyword-namespace-packages
  declare_namespace(pkg)
C:\Users\Honey\OneDrive\Desktop\EventS\Halis\venv\lib\site-packages\pkg_resources\__init__.py:3117: DeprecationWarning: Deprecated call to `pkg_resources.declare_namespace('google.logging')`.
Implementing implicit namespace packages (as specified in PEP 420) is preferred to `pkg_resources.declare_namespace`. See https://setuptools.pypa.io/en/latest/references/keywords.html#keyword-namespace-packages
  declare_namespace(pkg)
C:\Users\Honey\OneDrive\Desktop\EventS\Halis\venv\lib\site-packages\pkg_resources\__init__.py:3117: DeprecationWarning: Deprecated call to `pkg_resources.declare_namespace('mpl_toolkits')`.
Implementing implicit namespace packages (as specified in PEP 420) is preferred to `pkg_resources.declare_namespace`. See https://setuptools.pypa.io/en/latest/references/keywords.html#keyword-namespace-packages
  declare_namespace(pkg)
C:\Users\Honey\OneDrive\Desktop\EventS\Halis\venv\lib\site-packages\pkg_resources\__init__.py:3117: DeprecationWarning: Deprecated call to `pkg_resources.declare_namespace('ruamel')`.
Implementing implicit namespace packages (as specified in PEP 420) is preferred to `pkg_resources.declare_namespace`. See https://setuptools.pypa.io/en/latest/references/keywords.html#keyword-namespace-packages
  declare_namespace(pkg)
C:\Users\Honey\OneDrive\Desktop\EventS\Halis\venv\lib\site-packages\pkg_resources\__init__.py:3117: DeprecationWarning: Deprecated call to `pkg_resources.declare_namespace('ruamel.yaml')`.
Implementing implicit namespace packages (as specified in PEP 420) is preferred to `pkg_resources.declare_namespace`. See https://setuptools.pypa.io/en/latest/references/keywords.html#keyword-namespace-packages
  declare_namespace(pkg)
2025-06-05 07:03:44 [1;30mINFO    [0m [34mrasa.cli.train[0m  - Started validating domain and training data...
YamlValidationException: Failed to validate 'C:\Users\Honey\OneDrive\Desktop\EventS\Halis\HalisBot\domain.yml'. Please make sure the file is correct and all mandatory parameters are specified. Here are the errors found during validation:
  in C:\Users\Honey\OneDrive\Desktop\EventS\Halis\HalisBot\domain.yml:45:
      Cannot find required key 'mappings'. Path: '/slots/journal_response'
